
ROM used:   200/8192 (2%)
            200/8192 (2%) including unused fragments

            0.1 Average locations per line
            0.5 Average locations per statement

RAM used:   11/368 (3%) at main() level
            18/368 (5%) worst case

Stack used: 2 worst case (2 in main + 0 for interrupts)
Stack size: 8

Lines Stmts  %   Files
----- ----- ---  -----
   40    11   3  readInterface.c
  671     0   0  ..\..\..\..\..\Program Files (x86)\PICC\Devices\16f877a.h
  163     0   0  ..\..\..\..\..\Program Files (x86)\PICC\Drivers\stdint.h
 1351   359  97  ..\..\..\..\..\Program Files (x86)\PICC\Drivers\stdlib.h
   32     0   0  ..\..\..\..\..\Program Files (x86)\PICC\Drivers\stddef.h
  423     0   0  ..\..\..\..\..\Program Files (x86)\PICC\Drivers\string.h
   28     0   0  ..\..\..\..\..\Program Files (x86)\PICC\Drivers\ctype.h
   37     0   0  ..\..\..\..\..\Program Files (x86)\PICC\Drivers\stdio.h
----- -----
 2745   370 Total

Page ROM  %  RAM   Vol Diff  Functions:
---- --- --- ---   --- ----  ----------
0     23  12    1             @delay_ms1
0     59  30    0   176  3.0  MAIN
0     21  10    3             @DIV88
0     56  28    2             @PRINTF_U_9600_62_63
0     16   8    0    38  0.9  set_adc
0     21  10    1    59  1.6  read_adc_in
 Inline         0             @cinit1

Program metrics:
    Functions               3
    Statements              370
    Comments                700
    Volume (V)              370
    Difficulty (D)          5.0
    Effort to implement (E) 1832
    Time to implement (T)   2 minutes
    Est Delivered Bugs (B)  0
    Cyclomatic Complexity   1
    Maintainability (MI)    18

 Segment     Used  Free
-----------  ----  ----
00000-00003     4  0  
00004-007FF   196  1848  
00800-00FFF     0  2048  
01000-017FF     0  2048  
01800-01FFF     0  2048  



